
   INFO  Processing jobs from the [default] queue.  

  2025-07-24 01:38:36 App\Jobs\NeonDispatchHandler ..................................................................... RUNNING
  2025-07-24 01:38:36 App\Jobs\NeonDispatchHandler ............................................................... 195.32ms DONE
  2025-07-24 01:38:36 App\Jobs\NeonDispatchHandler ..................................................................... RUNNING
  2025-07-24 01:38:36 App\Jobs\NeonDispatchHandler ............................................................... 146.39ms DONE
  2025-07-24 01:38:36 App\Jobs\ProcessNewCategoryJob ................................................................... RUNNING
  2025-07-24 01:38:38 App\Jobs\ProcessNewCategoryJob ................................................................... 2s DONE
  2025-07-24 01:38:38 App\Jobs\ProcessNewCategoryJob ................................................................... RUNNING
  2025-07-24 01:38:40 App\Jobs\ProcessNewCategoryJob ................................................................... 1s DONE
  2025-07-24 01:38:40 App\Jobs\NeonDispatchHandler ..................................................................... RUNNING
  2025-07-24 01:38:40 App\Jobs\NeonDispatchHandler ............................................................... 153.51ms DONE
  2025-07-24 01:38:40 App\Jobs\NeonDispatchHandler ..................................................................... RUNNING
  2025-07-24 01:38:40 App\Jobs\NeonDispatchHandler ............................................................... 135.06ms DONE
  2025-07-24 01:38:40 App\Jobs\ProcessNewCategoryJob ................................................................... RUNNING
  2025-07-24 01:38:41 App\Jobs\ProcessNewCategoryJob ................................................................... 1s DONE
  2025-07-24 01:38:41 App\Jobs\ProcessNewCategoryJob ................................................................... RUNNING
  2025-07-24 01:38:43 App\Jobs\ProcessNewCategoryJob ................................................................... 1s DONE
  2025-07-24 01:38:43 App\Jobs\NeonDispatchHandler ..................................................................... RUNNING
  2025-07-24 01:38:43 App\Jobs\NeonDispatchHandler ............................................................... 151.98ms DONE
  2025-07-24 01:38:43 App\Jobs\ProcessNewCategoryJob ................................................................... RUNNING
  2025-07-24 01:38:44 App\Jobs\ProcessNewCategoryJob ................................................................... 1s DONE
  2025-07-24 01:38:44 App\Jobs\NeonDispatchHandler ..................................................................... RUNNING
  2025-07-24 01:38:44 App\Jobs\NeonDispatchHandler ............................................................... 138.90ms DONE
  2025-07-24 01:38:45 App\Jobs\ProcessNewCategoryJob ................................................................... RUNNING
  2025-07-24 01:38:46 App\Jobs\ProcessNewCategoryJob ................................................................... 1s DONE
  2025-07-24 01:38:46 App\Jobs\NeonDispatchHandler ..................................................................... RUNNING
  2025-07-24 01:38:46 App\Jobs\NeonDispatchHandler ............................................................... 144.37ms DONE
  2025-07-24 01:38:46 App\Jobs\ProcessNewCategoryJob ................................................................... RUNNING
  2025-07-24 01:38:47 App\Jobs\ProcessNewCategoryJob ................................................................... 1s DONE
  2025-07-24 01:38:47 App\Jobs\NeonDispatchHandler ..................................................................... RUNNING
  2025-07-24 01:38:47 App\Jobs\NeonDispatchHandler ............................................................... 137.00ms DONE
  2025-07-24 01:38:47 App\Jobs\ProcessNewCategoryJob ................................................................... RUNNING
  2025-07-24 01:38:49 App\Jobs\ProcessNewCategoryJob ................................................................... 1s DONE
  2025-07-24 01:38:52 App\Jobs\NeonDispatchHandler ..................................................................... RUNNING
  2025-07-24 01:38:52 App\Jobs\NeonDispatchHandler ............................................................... 152.91ms DONE
  2025-07-24 01:38:52 App\Jobs\NeonDispatchHandler ..................................................................... RUNNING
  2025-07-24 01:38:52 App\Jobs\NeonDispatchHandler ............................................................... 145.26ms DONE
  2025-07-24 01:38:52 App\Jobs\ProcessNewCategoryJob ................................................................... RUNNING
  2025-07-24 01:38:54 App\Jobs\ProcessNewCategoryJob ................................................................... 1s DONE
  2025-07-24 01:38:54 App\Jobs\ProcessNewCategoryJob ................................................................... RUNNING
  2025-07-24 01:38:55 App\Jobs\ProcessNewCategoryJob ................................................................... 1s DONE
  2025-07-24 01:38:55 App\Jobs\NeonDispatchHandler ..................................................................... RUNNING
  2025-07-24 01:38:56 App\Jobs\NeonDispatchHandler ............................................................... 156.17ms DONE
  2025-07-24 01:38:56 App\Jobs\NeonDispatchHandler ..................................................................... RUNNING
  2025-07-24 01:38:56 App\Jobs\NeonDispatchHandler ............................................................... 189.48ms DONE
  2025-07-24 01:38:56 App\Jobs\ProcessNewCategoryJob ................................................................... RUNNING
  2025-07-24 01:38:58 App\Jobs\ProcessNewCategoryJob ................................................................... 2s DONE
  2025-07-24 01:38:58 App\Jobs\ProcessNewCategoryJob ................................................................... RUNNING
  2025-07-24 01:39:00 App\Jobs\ProcessNewCategoryJob ................................................................... 1s DONE
  2025-07-24 01:39:00 App\Jobs\NeonDispatchHandler ..................................................................... RUNNING
  2025-07-24 01:39:00 App\Jobs\NeonDispatchHandler ............................................................... 167.60ms DONE
  2025-07-24 01:39:00 App\Jobs\NeonDispatchHandler ..................................................................... RUNNING
  2025-07-24 01:39:00 App\Jobs\NeonDispatchHandler ............................................................... 127.83ms DONE
  2025-07-24 01:39:00 App\Jobs\ProcessNewCategoryJob ................................................................... RUNNING
  2025-07-24 01:39:02 App\Jobs\ProcessNewCategoryJob ................................................................... 2s DONE
  2025-07-24 01:39:02 App\Jobs\ProcessNewCategoryJob ................................................................... RUNNING
  2025-07-24 01:39:03 App\Jobs\ProcessNewCategoryJob ................................................................... 1s DONE
  2025-07-24 01:39:03 App\Jobs\NeonDispatchHandler ..................................................................... RUNNING
  2025-07-24 01:39:04 App\Jobs\NeonDispatchHandler ............................................................... 152.59ms DONE
  2025-07-24 01:39:04 App\Jobs\NeonDispatchHandler ..................................................................... RUNNING
  2025-07-24 01:39:04 App\Jobs\NeonDispatchHandler ............................................................... 152.80ms DONE
  2025-07-24 01:39:04 App\Jobs\NeonDispatchHandler ..................................................................... RUNNING
  2025-07-24 01:39:04 App\Jobs\NeonDispatchHandler ............................................................... 163.23ms DONE
  2025-07-24 01:39:04 App\Jobs\NeonDispatchHandler ..................................................................... RUNNING
  2025-07-24 01:39:04 App\Jobs\NeonDispatchHandler ............................................................... 151.30ms DONE
  2025-07-24 01:39:04 App\Jobs\NeonDispatchHandler ..................................................................... RUNNING
  2025-07-24 01:39:04 App\Jobs\NeonDispatchHandler ............................................................... 142.13ms DONE
  2025-07-24 01:39:04 App\Jobs\NeonDispatchHandler ..................................................................... RUNNING
  2025-07-24 01:39:04 App\Jobs\NeonDispatchHandler ............................................................... 156.10ms DONE
  2025-07-24 01:39:04 App\Jobs\ProcessNewCategoryJob ................................................................... RUNNING
  2025-07-24 01:39:06 App\Jobs\ProcessNewCategoryJob ................................................................... 1s DONE
  2025-07-24 01:39:06 App\Jobs\ProcessDeleteCategoryJob ................................................................ RUNNING
  2025-07-24 01:39:10 App\Jobs\ProcessDeleteCategoryJob ................................................................ 3s DONE
  2025-07-24 01:39:10 App\Jobs\ProcessDeleteCategoryJob ................................................................ RUNNING
  2025-07-24 01:39:14 App\Jobs\ProcessDeleteCategoryJob ................................................................ 3s DONE
  2025-07-24 01:39:14 App\Jobs\NeonDispatchHandler ..................................................................... RUNNING
  2025-07-24 01:39:14 App\Jobs\NeonDispatchHandler ............................................................... 148.64ms DONE
  2025-07-24 01:39:14 App\Jobs\ProcessDeleteCategoryJob ................................................................ RUNNING
  2025-07-24 01:39:17 App\Jobs\ProcessDeleteCategoryJob ................................................................ 3s DONE
  2025-07-24 01:39:17 App\Jobs\ProcessDeleteCategoryJob ................................................................ RUNNING
  2025-07-24 01:39:21 App\Jobs\ProcessDeleteCategoryJob ................................................................ 3s DONE
  2025-07-24 01:39:21 App\Jobs\ProcessDeleteCategoryJob ................................................................ RUNNING
  2025-07-24 01:39:24 App\Jobs\ProcessDeleteCategoryJob ................................................................ 3s DONE
  2025-07-24 01:39:24 App\Jobs\ProcessDeleteCategoryJob ................................................................ RUNNING
  2025-07-24 01:39:28 App\Jobs\ProcessDeleteCategoryJob ................................................................ 3s DONE
  2025-07-24 01:39:28 App\Jobs\ProcessDeleteCategoryJob ................................................................ RUNNING
  2025-07-24 01:39:32 App\Jobs\ProcessDeleteCategoryJob ................................................................ 4s DONE
  2025-07-24 01:39:32 App\Jobs\ProcessDeleteCategoryJob ................................................................ RUNNING
  2025-07-24 01:39:36 App\Jobs\ProcessDeleteCategoryJob ................................................................ 3s DONE
  2025-07-24 01:41:42 App\Jobs\NeonDispatchHandler ..................................................................... RUNNING
  2025-07-24 01:41:42 App\Jobs\NeonDispatchHandler ............................................................... 150.04ms DONE
  2025-07-24 01:41:51 App\Jobs\NeonDispatchHandler ..................................................................... RUNNING
  2025-07-24 01:41:52 App\Jobs\NeonDispatchHandler ............................................................... 136.90ms DONE
  2025-07-24 01:41:52 App\Jobs\NeonDispatchHandler ..................................................................... RUNNING
  2025-07-24 01:41:52 App\Jobs\NeonDispatchHandler ............................................................... 150.45ms DONE
  2025-07-24 01:41:52 App\Jobs\NeonDispatchHandler ..................................................................... RUNNING
  2025-07-24 01:41:52 App\Jobs\NeonDispatchHandler ............................................................... 139.32ms DONE
  2025-07-24 01:41:52 App\Jobs\NeonDispatchHandler ..................................................................... RUNNING
  2025-07-24 01:41:52 App\Jobs\NeonDispatchHandler ............................................................... 136.50ms DONE
  2025-07-24 01:41:52 App\Jobs\NeonDispatchHandler ..................................................................... RUNNING
  2025-07-24 01:41:52 App\Jobs\NeonDispatchHandler ............................................................... 126.76ms DONE
  2025-07-24 01:41:52 App\Jobs\NeonDispatchHandler ..................................................................... RUNNING
  2025-07-24 01:41:52 App\Jobs\NeonDispatchHandler ............................................................... 161.10ms DONE
  2025-07-24 01:41:52 App\Jobs\NeonDispatchHandler ..................................................................... RUNNING
  2025-07-24 01:41:52 App\Jobs\NeonDispatchHandler ............................................................... 144.65ms DONE
  2025-07-24 01:41:52 App\Jobs\NeonDispatchHandler ..................................................................... RUNNING
  2025-07-24 01:41:53 App\Jobs\NeonDispatchHandler ............................................................... 139.37ms DONE
  2025-07-24 01:41:53 App\Jobs\NeonDispatchHandler ..................................................................... RUNNING
  2025-07-24 01:41:53 App\Jobs\NeonDispatchHandler ............................................................... 153.45ms DONE
  2025-07-24 01:41:53 App\Jobs\NeonDispatchHandler ..................................................................... RUNNING
  2025-07-24 01:41:53 App\Jobs\NeonDispatchHandler ............................................................... 127.00ms DONE
  2025-07-24 01:41:53 App\Jobs\NeonDispatchHandler ..................................................................... RUNNING
  2025-07-24 01:41:53 App\Jobs\NeonDispatchHandler ............................................................... 132.29ms DONE
  2025-07-24 01:41:53 App\Jobs\NeonDispatchHandler ..................................................................... RUNNING
  2025-07-24 01:41:53 App\Jobs\NeonDispatchHandler ............................................................... 128.48ms DONE
  2025-07-24 01:41:53 App\Jobs\NeonDispatchHandler ..................................................................... RUNNING
  2025-07-24 01:41:53 App\Jobs\NeonDispatchHandler ............................................................... 145.16ms DONE
  2025-07-24 01:41:53 App\Jobs\NeonDispatchHandler ..................................................................... RUNNING
  2025-07-24 01:41:53 App\Jobs\NeonDispatchHandler ............................................................... 144.54ms DONE
  2025-07-24 01:41:53 App\Jobs\NeonDispatchHandler ..................................................................... RUNNING
  2025-07-24 01:41:54 App\Jobs\NeonDispatchHandler ............................................................... 146.90ms DONE
  2025-07-24 01:41:54 App\Jobs\ProcessDeleteChannelJob ................................................................. RUNNING
  2025-07-24 01:41:56 App\Jobs\ProcessDeleteChannelJob ................................................................. 2s DONE
  2025-07-24 01:41:56 App\Jobs\ProcessDeleteChannelJob ................................................................. RUNNING
  2025-07-24 01:41:59 App\Jobs\ProcessDeleteChannelJob ................................................................. 2s DONE
  2025-07-24 01:41:59 App\Jobs\ProcessDeleteChannelJob ................................................................. RUNNING
  2025-07-24 01:42:02 App\Jobs\ProcessDeleteChannelJob ................................................................. 2s DONE
  2025-07-24 01:42:02 App\Jobs\NeonDispatchHandler ..................................................................... RUNNING
  2025-07-24 01:42:02 App\Jobs\NeonDispatchHandler ............................................................... 143.04ms DONE
  2025-07-24 01:42:02 App\Jobs\NeonDispatchHandler ..................................................................... RUNNING
  2025-07-24 01:42:02 App\Jobs\NeonDispatchHandler ............................................................... 147.68ms DONE
  2025-07-24 01:42:02 App\Jobs\NeonDispatchHandler ..................................................................... RUNNING
  2025-07-24 01:42:02 App\Jobs\NeonDispatchHandler ............................................................... 133.32ms DONE
  2025-07-24 01:42:02 App\Jobs\NeonDispatchHandler ..................................................................... RUNNING
  2025-07-24 01:42:02 App\Jobs\NeonDispatchHandler ............................................................... 162.35ms DONE
  2025-07-24 01:42:02 App\Jobs\NeonDispatchHandler ..................................................................... RUNNING
  2025-07-24 01:42:02 App\Jobs\NeonDispatchHandler ............................................................... 130.40ms DONE
  2025-07-24 01:42:02 App\Jobs\ProcessDeleteChannelJob ................................................................. RUNNING
  2025-07-24 01:42:05 App\Jobs\ProcessDeleteChannelJob ................................................................. 2s DONE
  2025-07-24 01:42:05 App\Jobs\ProcessDeleteChannelJob ................................................................. RUNNING
  2025-07-24 01:42:07 App\Jobs\ProcessDeleteChannelJob ................................................................. 2s DONE
  2025-07-24 01:42:07 App\Jobs\ProcessDeleteChannelJob ................................................................. RUNNING
  2025-07-24 01:42:08 App\Jobs\ProcessDeleteChannelJob ................................................................. 1s DONE
  2025-07-24 01:42:08 App\Jobs\ProcessDeleteCategoryJob ................................................................ RUNNING
  2025-07-24 01:42:10 App\Jobs\ProcessDeleteCategoryJob ................................................................ 1s DONE
  2025-07-24 01:42:10 App\Jobs\NeonDispatchHandler ..................................................................... RUNNING
  2025-07-24 01:42:10 App\Jobs\NeonDispatchHandler ............................................................... 136.14ms DONE
  2025-07-24 01:42:10 App\Jobs\NeonDispatchHandler ..................................................................... RUNNING
  2025-07-24 01:42:10 App\Jobs\NeonDispatchHandler ............................................................... 153.07ms DONE
  2025-07-24 01:42:10 App\Jobs\NeonDispatchHandler ..................................................................... RUNNING
  2025-07-24 01:42:10 App\Jobs\NeonDispatchHandler ............................................................... 149.30ms DONE
  2025-07-24 01:42:10 App\Jobs\NeonDispatchHandler ..................................................................... RUNNING
  2025-07-24 01:42:10 App\Jobs\NeonDispatchHandler ............................................................... 148.61ms DONE
  2025-07-24 01:42:10 App\Jobs\NeonDispatchHandler ..................................................................... RUNNING
  2025-07-24 01:42:10 App\Jobs\NeonDispatchHandler ............................................................... 134.12ms DONE
  2025-07-24 01:42:10 App\Jobs\ProcessDeleteCategoryJob ................................................................ RUNNING
  2025-07-24 01:42:12 App\Jobs\ProcessDeleteCategoryJob ................................................................ 1s DONE
  2025-07-24 01:42:12 App\Jobs\NeonDispatchHandler ..................................................................... RUNNING
  2025-07-24 01:42:12 App\Jobs\NeonDispatchHandler ............................................................... 147.43ms DONE
  2025-07-24 01:42:12 App\Jobs\NeonDispatchHandler ..................................................................... RUNNING
  2025-07-24 01:42:12 App\Jobs\NeonDispatchHandler ............................................................... 134.82ms DONE
  2025-07-24 01:42:12 App\Jobs\NeonDispatchHandler ..................................................................... RUNNING
  2025-07-24 01:42:12 App\Jobs\NeonDispatchHandler ............................................................... 153.51ms DONE
  2025-07-24 01:42:12 App\Jobs\ProcessDeleteCategoryJob ................................................................ RUNNING
  2025-07-24 01:42:13 App\Jobs\ProcessDeleteCategoryJob ................................................................ 1s DONE
  2025-07-24 01:42:13 App\Jobs\ProcessDeleteCategoryJob ................................................................ RUNNING
  2025-07-24 01:42:14 App\Jobs\ProcessDeleteCategoryJob ................................................................ 1s DONE
  2025-07-24 01:42:14 App\Jobs\ProcessDeleteCategoryJob ................................................................ RUNNING
  2025-07-24 01:42:15 App\Jobs\ProcessDeleteCategoryJob ................................................................ 1s DONE
  2025-07-24 01:42:16 App\Jobs\ProcessDeleteCategoryJob ................................................................ RUNNING
  2025-07-24 01:42:17 App\Jobs\ProcessDeleteCategoryJob ................................................................ 1s DONE
  2025-07-24 01:42:17 App\Jobs\ProcessDeleteCategoryJob ................................................................ RUNNING
  2025-07-24 01:42:18 App\Jobs\ProcessDeleteCategoryJob ................................................................ 1s DONE
  2025-07-24 01:42:18 App\Jobs\ProcessDeleteCategoryJob ................................................................ RUNNING
  2025-07-24 01:42:19 App\Jobs\ProcessDeleteCategoryJob ................................................................ 1s DONE
  2025-07-24 01:42:19 App\Jobs\ProcessDeleteCategoryJob ................................................................ RUNNING
  2025-07-24 01:42:20 App\Jobs\ProcessDeleteCategoryJob ................................................................ 1s DONE
  2025-07-24 01:42:20 App\Jobs\ProcessDeleteCategoryJob ................................................................ RUNNING
  2025-07-24 01:42:21 App\Jobs\ProcessDeleteCategoryJob ................................................................ 1s DONE
  2025-07-24 01:42:39 App\Jobs\NeonDispatchHandler ..................................................................... RUNNING
  2025-07-24 01:42:39 App\Jobs\NeonDispatchHandler ............................................................... 146.31ms DONE
  2025-07-24 01:42:39 App\Jobs\NeonDispatchHandler ..................................................................... RUNNING
  2025-07-24 01:42:39 App\Jobs\NeonDispatchHandler ............................................................... 144.72ms DONE
  2025-07-24 01:42:39 App\Jobs\NeonDispatchHandler ..................................................................... RUNNING
  2025-07-24 01:42:40 App\Jobs\NeonDispatchHandler ............................................................... 139.35ms DONE
  2025-07-24 01:42:40 App\Jobs\NeonDispatchHandler ..................................................................... RUNNING
  2025-07-24 01:42:40 App\Jobs\NeonDispatchHandler ............................................................... 161.50ms DONE
  2025-07-24 01:42:40 App\Jobs\NeonDispatchHandler ..................................................................... RUNNING
  2025-07-24 01:42:40 App\Jobs\NeonDispatchHandler ............................................................... 171.53ms DONE
  2025-07-24 01:42:40 App\Jobs\ProcessDeleteCategoryJob ................................................................ RUNNING
  2025-07-24 01:42:41 App\Jobs\ProcessDeleteCategoryJob ................................................................ 1s DONE
  2025-07-24 01:42:41 App\Jobs\ProcessDeleteCategoryJob ................................................................ RUNNING
  2025-07-24 01:42:43 App\Jobs\ProcessDeleteCategoryJob ................................................................ 1s DONE
  2025-07-24 01:42:43 App\Jobs\ProcessDeleteCategoryJob ................................................................ RUNNING
  2025-07-24 01:42:46 App\Jobs\ProcessDeleteCategoryJob ................................................................ 2s DONE
  2025-07-24 01:42:46 App\Jobs\NeonDispatchHandler ..................................................................... RUNNING
  2025-07-24 01:42:46 App\Jobs\NeonDispatchHandler ............................................................... 139.08ms DONE
  2025-07-24 01:42:46 App\Jobs\NeonDispatchHandler ..................................................................... RUNNING
  2025-07-24 01:42:46 App\Jobs\NeonDispatchHandler ............................................................... 136.01ms DONE
  2025-07-24 01:42:46 App\Jobs\ProcessDeleteCategoryJob ................................................................ RUNNING
  2025-07-24 01:42:47 App\Jobs\ProcessDeleteCategoryJob ................................................................ 1s DONE
  2025-07-24 01:42:47 App\Jobs\NeonDispatchHandler ..................................................................... RUNNING
  2025-07-24 01:42:47 App\Jobs\NeonDispatchHandler ............................................................... 146.12ms DONE
  2025-07-24 01:42:47 App\Jobs\NeonDispatchHandler ..................................................................... RUNNING
  2025-07-24 01:42:48 App\Jobs\NeonDispatchHandler ............................................................... 150.81ms DONE
  2025-07-24 01:42:48 App\Jobs\NeonDispatchHandler ..................................................................... RUNNING
  2025-07-24 01:42:48 App\Jobs\NeonDispatchHandler ............................................................... 162.56ms DONE
  2025-07-24 01:42:48 App\Jobs\NeonDispatchHandler ..................................................................... RUNNING
  2025-07-24 01:42:48 App\Jobs\NeonDispatchHandler ............................................................... 157.85ms DONE
  2025-07-24 01:42:48 App\Jobs\NeonDispatchHandler ..................................................................... RUNNING
  2025-07-24 01:42:48 App\Jobs\NeonDispatchHandler ............................................................... 142.52ms DONE
  2025-07-24 01:42:48 App\Jobs\NeonDispatchHandler ..................................................................... RUNNING
  2025-07-24 01:42:48 App\Jobs\NeonDispatchHandler ............................................................... 164.96ms DONE
  2025-07-24 01:42:48 App\Jobs\ProcessDeleteCategoryJob ................................................................ RUNNING
  2025-07-24 01:42:49 App\Jobs\ProcessDeleteCategoryJob ................................................................ 1s DONE
  2025-07-24 01:42:49 App\Jobs\ProcessDeleteCategoryJob ................................................................ RUNNING
  2025-07-24 01:42:51 App\Jobs\ProcessDeleteCategoryJob ................................................................ 1s DONE
  2025-07-24 01:42:51 App\Jobs\ProcessDeleteCategoryJob ................................................................ RUNNING
  2025-07-24 01:42:52 App\Jobs\ProcessDeleteCategoryJob ................................................................ 1s DONE
  2025-07-24 01:42:52 App\Jobs\ProcessDeleteCategoryJob ................................................................ RUNNING
  2025-07-24 01:42:53 App\Jobs\ProcessDeleteCategoryJob ................................................................ 1s DONE
  2025-07-24 01:42:53 App\Jobs\ProcessDeleteCategoryJob ................................................................ RUNNING
  2025-07-24 01:42:54 App\Jobs\ProcessDeleteCategoryJob ................................................................ 1s DONE
  2025-07-24 01:42:54 App\Jobs\ProcessDeleteCategoryJob ................................................................ RUNNING
  2025-07-24 01:42:58 App\Jobs\ProcessDeleteCategoryJob ................................................................ 3s DONE
  2025-07-24 01:42:58 App\Jobs\ProcessDeleteCategoryJob ................................................................ RUNNING
  2025-07-24 01:43:02 App\Jobs\ProcessDeleteCategoryJob ................................................................ 3s DONE
  2025-07-24 01:43:02 App\Jobs\ProcessDeleteCategoryJob ................................................................ RUNNING
  2025-07-24 01:43:06 App\Jobs\ProcessDeleteCategoryJob ................................................................ 3s DONE
  2025-07-24 01:43:06 App\Jobs\ProcessDeleteChannelJob ................................................................. RUNNING
  2025-07-24 01:43:07 App\Jobs\ProcessDeleteChannelJob ................................................................. 1s DONE
  2025-07-24 01:43:07 App\Jobs\ProcessDeleteChannelJob ................................................................. RUNNING
  2025-07-24 01:43:08 App\Jobs\ProcessDeleteChannelJob ........................................................... 985.82ms DONE
  2025-07-24 01:43:08 App\Jobs\ProcessDeleteChannelJob ................................................................. RUNNING
  2025-07-24 01:43:09 App\Jobs\ProcessDeleteChannelJob ........................................................... 957.80ms DONE
  2025-07-24 01:43:09 App\Jobs\ProcessDeleteChannelJob ................................................................. RUNNING
  2025-07-24 01:43:10 App\Jobs\ProcessDeleteChannelJob ........................................................... 847.51ms DONE
  2025-07-24 01:43:10 App\Jobs\ProcessDeleteChannelJob ................................................................. RUNNING
  2025-07-24 01:43:11 App\Jobs\ProcessDeleteChannelJob ................................................................. 1s DONE
  2025-07-24 01:48:02 App\Jobs\ProcessNeonDiscordExecutionJob .......................................................... RUNNING
  2025-07-24 01:48:06 App\Jobs\ProcessNeonDiscordExecutionJob .......................................................... 3s DONE
  2025-07-24 01:48:06 App\Jobs\ProcessDeleteCategoryJob ................................................................ RUNNING
  2025-07-24 01:48:13 App\Jobs\ProcessDeleteCategoryJob ................................................................ 6s DONE
  2025-07-24 01:48:13 App\Jobs\NeonDispatchHandler ..................................................................... RUNNING
  2025-07-24 01:48:13 App\Jobs\NeonDispatchHandler ............................................................... 152.27ms DONE
  2025-07-24 01:48:13 App\Jobs\NeonDispatchHandler ..................................................................... RUNNING
  2025-07-24 01:48:13 App\Jobs\NeonDispatchHandler ............................................................... 142.55ms DONE
  2025-07-24 01:48:13 App\Jobs\NeonDispatchHandler ..................................................................... RUNNING
  2025-07-24 01:48:13 App\Jobs\NeonDispatchHandler ............................................................... 136.39ms DONE
  2025-07-24 01:48:13 App\Jobs\NeonDispatchHandler ..................................................................... RUNNING
  2025-07-24 01:48:14 App\Jobs\NeonDispatchHandler ............................................................... 139.22ms DONE
  2025-07-24 01:48:14 App\Jobs\NeonDispatchHandler ..................................................................... RUNNING
  2025-07-24 01:48:14 App\Jobs\NeonDispatchHandler ............................................................... 130.25ms DONE
  2025-07-24 01:48:14 App\Jobs\NeonDispatchHandler ..................................................................... RUNNING
  2025-07-24 01:48:14 App\Jobs\NeonDispatchHandler ............................................................... 152.80ms DONE
  2025-07-24 01:48:14 App\Jobs\NeonDispatchHandler ..................................................................... RUNNING
  2025-07-24 01:48:14 App\Jobs\NeonDispatchHandler ............................................................... 133.16ms DONE
  2025-07-24 01:48:14 App\Jobs\NeonDispatchHandler ..................................................................... RUNNING
  2025-07-24 01:48:14 App\Jobs\NeonDispatchHandler ............................................................... 134.99ms DONE
  2025-07-24 01:48:14 App\Jobs\ProcessDeleteCategoryJob ................................................................ RUNNING
  2025-07-24 01:48:15 App\Jobs\ProcessDeleteCategoryJob ................................................................ 1s DONE
  2025-07-24 01:48:15 App\Jobs\ProcessDeleteCategoryJob ................................................................ RUNNING
  2025-07-24 01:48:17 App\Jobs\ProcessDeleteCategoryJob ................................................................ 1s DONE
  2025-07-24 01:48:17 App\Jobs\ProcessDeleteCategoryJob ................................................................ RUNNING
  2025-07-24 01:48:18 App\Jobs\ProcessDeleteCategoryJob ................................................................ 1s DONE
  2025-07-24 01:48:18 App\Jobs\ProcessDeleteCategoryJob ................................................................ RUNNING
  2025-07-24 01:48:20 App\Jobs\ProcessDeleteCategoryJob ................................................................ 1s DONE
  2025-07-24 01:48:20 App\Jobs\ProcessDeleteChannelJob ................................................................. RUNNING
  2025-07-24 01:48:21 App\Jobs\ProcessDeleteChannelJob ................................................................. 1s DONE
  2025-07-24 01:48:21 App\Jobs\ProcessDeleteChannelJob ................................................................. RUNNING
  2025-07-24 01:48:22 App\Jobs\ProcessDeleteChannelJob ................................................................. 1s DONE
